<?xml version="1.0" encoding="UTF-8"?>
<!-- Generated by org.testng.reporters.JUnitReportReporter -->
<testsuite skipped="0" hostname="VAIO" name="pages.TC004_DeleteLead" tests="1" failures="0" timestamp="08 Aug 2018 00:37:56 GMT" time="82.160" errors="0">
  <testcase name="DeleteLead" time="82.160" classname="pages.TC004_DeleteLead"/>
</testsuite> <!-- pages.TC004_DeleteLead -->
